[1286660968.673301] uzbl-event-manager: INFO: logging to '/home/hero/.cache/uzbl/event_daemon.log'
[1286660968.682770] uzbl-event-manager: INFO: daemon action 'start'
[1286660968.683742] uzbl-event-manager: INFO: created pid file '/home/hero/.cache/uzbl/event_daemon.pid' with pid 16737
[1286660968.685667] uzbl-event-manager: INFO: new <plugin(<module 'config' from '/usr/share/uzbl/examples/data/plugins/config.pyc'>)>
[1286660968.686697] uzbl-event-manager: INFO: new <plugin(<module 'progress_bar' from '/usr/share/uzbl/examples/data/plugins/progress_bar.pyc'>)>
[1286660968.687719] uzbl-event-manager: INFO: new <plugin(<module 'cmd_expand' from '/usr/share/uzbl/examples/data/plugins/cmd_expand.pyc'>)>
[1286660968.688603] uzbl-event-manager: INFO: new <plugin(<module 'mode' from '/usr/share/uzbl/examples/data/plugins/mode.pyc'>)>
[1286660968.690343] uzbl-event-manager: INFO: new <plugin(<module 'on_set' from '/usr/share/uzbl/examples/data/plugins/on_set.pyc'>)>
[1286660968.691238] uzbl-event-manager: INFO: new <plugin(<module 'on_event' from '/usr/share/uzbl/examples/data/plugins/on_event.pyc'>)>
[1286660968.693647] uzbl-event-manager: INFO: new <plugin(<module 'completion' from '/usr/share/uzbl/examples/data/plugins/completion.pyc'>)>
[1286660968.694889] uzbl-event-manager: INFO: new <plugin(<module 'keycmd' from '/usr/share/uzbl/examples/data/plugins/keycmd.pyc'>)>
[1286660968.701588] uzbl-event-manager: INFO: new <plugin(<module 'bind' from '/usr/share/uzbl/examples/data/plugins/bind.pyc'>)>
[1286660968.702869] uzbl-event-manager: INFO: entering daemon mode
[1286660968.728838] uzbl-event-manager: INFO: entered daemon mode
[1286660968.730501] uzbl-event-manager: INFO: created pid file '/home/hero/.cache/uzbl/event_daemon.pid' with pid 16739
[1286660968.730891] uzbl-event-manager: INFO: listening on '/home/hero/.cache/uzbl/event_daemon'
[1286660969.195122] uzbl-instance[54525987]: INFO: found instance name u'[54525987]'
[1286660969.195651] uzbl-instance[54525987]: INFO: found instance pid 16735
[1286660969.196203] uzbl-instance[54525987]: INFO: exported Completions([]) to 'uzbl.completion' by plugin 'completion', prepended False
[1286660969.196581] uzbl-instance[54525987]: INFO: exported <function start_completion at 0x9eff50> to 'uzbl.start_completion' by plugin 'completion', prepended True
[1286660969.197123] plugin.completion: INFO: new <handler(id=0, event=STOP_COMPLETION, callback=<function stop_completion at 0x9efd70>, plugin=completion)>
[1286660969.197479] uzbl-instance[54525987]: INFO: connected <handler(id=0, event=STOP_COMPLETION, callback=<function stop_completion at 0x9efd70>, plugin=completion)>
[1286660969.197909] plugin.completion: INFO: new <handler(id=1, event=BUILTINS, callback=<function add_builtins at 0x9f6050>, plugin=completion)>
[1286660969.198249] uzbl-instance[54525987]: INFO: connected <handler(id=1, event=BUILTINS, callback=<function add_builtins at 0x9f6050>, plugin=completion)>
[1286660969.198664] plugin.completion: INFO: new <handler(id=2, event=KEYCMD_CLEARED, callback=<function stop_completion at 0x9efd70>, plugin=completion)>
[1286660969.199034] uzbl-instance[54525987]: INFO: connected <handler(id=2, event=KEYCMD_CLEARED, callback=<function stop_completion at 0x9efd70>, plugin=completion)>
[1286660969.199430] plugin.completion: INFO: new <handler(id=3, event=CONFIG_CHANGED, callback=<function add_config_key at 0x9f60c8>, plugin=completion)>
[1286660969.205858] uzbl-instance[54525987]: INFO: connected <handler(id=3, event=CONFIG_CHANGED, callback=<function add_config_key at 0x9f60c8>, plugin=completion)>
[1286660969.206356] plugin.completion: INFO: new <handler(id=4, event=START_COMPLETION, callback=<function start_completion at 0x9eff50>, plugin=completion)>
[1286660969.206717] uzbl-instance[54525987]: INFO: connected <handler(id=4, event=START_COMPLETION, callback=<function start_completion at 0x9eff50>, plugin=completion)>
[1286660969.207133] plugin.completion: INFO: new <handler(id=5, event=KEYCMD_UPDATE, callback=<function update_completion_list at 0x9efed8>, plugin=completion)>
[1286660969.207460] uzbl-instance[54525987]: INFO: connected <handler(id=5, event=KEYCMD_UPDATE, callback=<function update_completion_list at 0x9efed8>, plugin=completion)>
[1286660969.207922] plugin.completion: INFO: new <handler(id=6, event=KEYCMD_EXEC, callback=<function stop_completion at 0x9efd70>, plugin=completion)>
[1286660969.208254] uzbl-instance[54525987]: INFO: connected <handler(id=6, event=KEYCMD_EXEC, callback=<function stop_completion at 0x9efd70>, plugin=completion)>
[1286660969.208790] uzbl-instance[54525987]: INFO: exported <function cmd_expand at 0x99bcf8> to 'uzbl.cmd_expand' by plugin 'cmd_expand', prepended True
[1286660969.209216] plugin.on_event: INFO: new <handler(id=7, event=ON_EVENT, callback=<function parse_on_event at 0x9ef2a8>, plugin=on_event)>
[1286660969.209545] uzbl-instance[54525987]: INFO: connected <handler(id=7, event=ON_EVENT, callback=<function parse_on_event at 0x9ef2a8>, plugin=on_event)>
[1286660969.209964] uzbl-instance[54525987]: INFO: exported <function on_event at 0x9ef230> to 'uzbl.on_event' by plugin 'on_event', prepended True
[1286660969.210288] uzbl-instance[54525987]: INFO: exported {} to 'uzbl.on_events' by plugin 'on_event', prepended False
[1286660969.210741] plugin.progress_bar: INFO: new <handler(id=8, event=LOAD_COMMIT, callback=<function <lambda> at 0x9fc8c0>, plugin=progress_bar)>
[1286660969.211084] uzbl-instance[54525987]: INFO: connected <handler(id=8, event=LOAD_COMMIT, callback=<function <lambda> at 0x9fc8c0>, plugin=progress_bar)>
[1286660969.211474] plugin.progress_bar: INFO: new <handler(id=9, event=LOAD_PROGRESS, callback=<function update_progress at 0x99ba28>, plugin=progress_bar)>
[1286660969.211833] uzbl-instance[54525987]: INFO: connected <handler(id=9, event=LOAD_PROGRESS, callback=<function update_progress at 0x99ba28>, plugin=progress_bar)>
[1286660969.212258] plugin.keycmd: INFO: new <handler(id=10, event=IGNORE_KEY, callback=<function add_key_ignore at 0x9fac08>, plugin=keycmd)>
[1286660969.212607] uzbl-instance[54525987]: INFO: connected <handler(id=10, event=IGNORE_KEY, callback=<function add_key_ignore at 0x9fac08>, plugin=keycmd)>
[1286660969.213040] plugin.keycmd: INFO: new <handler(id=11, event=INJECT_KEYCMD, callback=<function inject_keycmd at 0x9fc2a8>, plugin=keycmd)>
[1286660969.213368] uzbl-instance[54525987]: INFO: connected <handler(id=11, event=INJECT_KEYCMD, callback=<function inject_keycmd at 0x9fc2a8>, plugin=keycmd)>
[1286660969.213791] plugin.keycmd: INFO: new <handler(id=12, event=SET_KEYCMD, callback=<function set_keycmd at 0x9fc230>, plugin=keycmd)>
[1286660969.214120] uzbl-instance[54525987]: INFO: connected <handler(id=12, event=SET_KEYCMD, callback=<function set_keycmd at 0x9fc230>, plugin=keycmd)>
[1286660969.214528] plugin.keycmd: INFO: new <handler(id=13, event=SET_CURSOR_POS, callback=<function set_cursor_pos at 0x9fc578>, plugin=keycmd)>
[1286660969.214887] uzbl-instance[54525987]: INFO: connected <handler(id=13, event=SET_CURSOR_POS, callback=<function set_cursor_pos at 0x9fc578>, plugin=keycmd)>
[1286660969.215282] plugin.keycmd: INFO: new <handler(id=14, event=KEY_RELEASE, callback=<function key_release at 0x9fc1b8>, plugin=keycmd)>
[1286660969.215608] uzbl-instance[54525987]: INFO: connected <handler(id=14, event=KEY_RELEASE, callback=<function key_release at 0x9fc1b8>, plugin=keycmd)>
[1286660969.226252] plugin.keycmd: INFO: new <handler(id=15, event=APPEND_KEYCMD, callback=<function append_keycmd at 0x9fc320>, plugin=keycmd)>
[1286660969.226606] uzbl-instance[54525987]: INFO: connected <handler(id=15, event=APPEND_KEYCMD, callback=<function append_keycmd at 0x9fc320>, plugin=keycmd)>
[1286660969.227046] plugin.keycmd: INFO: new <handler(id=16, event=MODKEY_ADDITION, callback=<function modkey_addition_parse at 0x9facf8>, plugin=keycmd)>
[1286660969.227376] uzbl-instance[54525987]: INFO: connected <handler(id=16, event=MODKEY_ADDITION, callback=<function modkey_addition_parse at 0x9facf8>, plugin=keycmd)>
[1286660969.227806] plugin.keycmd: INFO: new <handler(id=17, event=FOCUS_LOST, callback=<function focus_changed at 0x9faed8>, plugin=keycmd)>
[1286660969.228179] uzbl-instance[54525987]: INFO: connected <handler(id=17, event=FOCUS_LOST, callback=<function focus_changed at 0x9faed8>, plugin=keycmd)>
[1286660969.228594] plugin.keycmd: INFO: new <handler(id=18, event=KEYCMD_DELETE, callback=<function keycmd_delete at 0x9fc488>, plugin=keycmd)>
[1286660969.228955] uzbl-instance[54525987]: INFO: connected <handler(id=18, event=KEYCMD_DELETE, callback=<function keycmd_delete at 0x9fc488>, plugin=keycmd)>
[1286660969.229358] plugin.keycmd: INFO: new <handler(id=19, event=KEYCMD_STRIP_WORD, callback=<function keycmd_strip_word at 0x9fc398>, plugin=keycmd)>
[1286660969.229686] uzbl-instance[54525987]: INFO: connected <handler(id=19, event=KEYCMD_STRIP_WORD, callback=<function keycmd_strip_word at 0x9fc398>, plugin=keycmd)>
[1286660969.230167] plugin.keycmd: INFO: new <handler(id=20, event=KEYCMD_BACKSPACE, callback=<function keycmd_backspace at 0x9fc410>, plugin=keycmd)>
[1286660969.230489] uzbl-instance[54525987]: INFO: connected <handler(id=20, event=KEYCMD_BACKSPACE, callback=<function keycmd_backspace at 0x9fc410>, plugin=keycmd)>
[1286660969.230936] plugin.keycmd: INFO: new <handler(id=21, event=MODMAP, callback=<function modmap_parse at 0x9fab90>, plugin=keycmd)>
[1286660969.231261] uzbl-instance[54525987]: INFO: connected <handler(id=21, event=MODMAP, callback=<function modmap_parse at 0x9fab90>, plugin=keycmd)>
[1286660969.231673] plugin.keycmd: INFO: new <handler(id=22, event=KEY_PRESS, callback=<function key_press at 0x9fc140>, plugin=keycmd)>
[1286660969.232027] uzbl-instance[54525987]: INFO: connected <handler(id=22, event=KEY_PRESS, callback=<function key_press at 0x9fc140>, plugin=keycmd)>
[1286660969.232438] plugin.keycmd: INFO: new <handler(id=23, event=KEYCMD_EXEC_CURRENT, callback=<function keycmd_exec_current at 0x9fc500>, plugin=keycmd)>
[1286660969.232798] uzbl-instance[54525987]: INFO: connected <handler(id=23, event=KEYCMD_EXEC_CURRENT, callback=<function keycmd_exec_current at 0x9fc500>, plugin=keycmd)>
[1286660969.233214] plugin.keycmd: INFO: new <handler(id=24, event=FOCUS_GAINED, callback=<function focus_changed at 0x9faed8>, plugin=keycmd)>
[1286660969.233552] uzbl-instance[54525987]: INFO: connected <handler(id=24, event=FOCUS_GAINED, callback=<function focus_changed at 0x9faed8>, plugin=keycmd)>
[1286660969.233964] uzbl-instance[54525987]: INFO: exported <function inject_keycmd at 0x9fc2a8> to 'uzbl.inject_keycmd' by plugin 'keycmd', prepended True
[1286660969.234302] uzbl-instance[54525987]: INFO: exported <function clear_current at 0x9fae60> to 'uzbl.clear_current' by plugin 'keycmd', prepended True
[1286660969.234623] uzbl-instance[54525987]: INFO: exported <function add_key_ignore at 0x9fac08> to 'uzbl.add_key_ignore' by plugin 'keycmd', prepended True
[1286660969.234976] uzbl-instance[54525987]: INFO: exported <function append_keycmd at 0x9fc320> to 'uzbl.append_keycmd' by plugin 'keycmd', prepended True
[1286660969.235299] uzbl-instance[54525987]: INFO: exported <function add_modkey_addition at 0x9fac80> to 'uzbl.add_modkey_addition' by plugin 'keycmd', prepended True
[1286660969.235620] uzbl-instance[54525987]: INFO: exported <function clear_keycmd at 0x9fad70> to 'uzbl.clear_keycmd' by plugin 'keycmd', prepended True
[1286660969.246189] uzbl-instance[54525987]: INFO: exported <keylet()> to 'uzbl.keylet' by plugin 'keycmd', prepended False
[1286660969.246558] uzbl-instance[54525987]: INFO: exported <function set_keycmd at 0x9fc230> to 'uzbl.set_keycmd' by plugin 'keycmd', prepended True
[1286660969.246927] uzbl-instance[54525987]: INFO: exported <function add_modmap at 0x9fa7d0> to 'uzbl.add_modmap' by plugin 'keycmd', prepended True
[1286660969.247249] uzbl-instance[54525987]: INFO: exported <function set_cursor_pos at 0x9fc578> to 'uzbl.set_cursor_pos' by plugin 'keycmd', prepended True
[1286660969.247578] uzbl-instance[54525987]: INFO: exported <function clear_modcmd at 0x9fade8> to 'uzbl.clear_modcmd' by plugin 'keycmd', prepended True
[1286660969.247990] uzbl-instance[54525987]: INFO: exported <function on_set at 0x9ecb18> to 'uzbl.on_set' by plugin 'on_set', prepended True
[1286660969.248346] uzbl-instance[54525987]: INFO: exported {} to 'uzbl.on_sets' by plugin 'on_set', prepended False
[1286660969.248787] plugin.on_set: INFO: new <handler(id=25, event=ON_SET, callback=<function parse_on_set at 0x9ecb90>, plugin=on_set)>
[1286660969.249118] uzbl-instance[54525987]: INFO: connected <handler(id=25, event=ON_SET, callback=<function parse_on_set at 0x9ecb90>, plugin=on_set)>
[1286660969.249503] plugin.on_set: INFO: new <handler(id=26, event=CONFIG_CHANGED, callback=<function check_for_handlers at 0x9ecaa0>, plugin=on_set)>
[1286660969.249890] uzbl-instance[54525987]: INFO: connected <handler(id=26, event=CONFIG_CHANGED, callback=<function check_for_handlers at 0x9ecaa0>, plugin=on_set)>
[1286660969.250294] uzbl-instance[54525987]: INFO: exported defaultdict(<type 'dict'>, {}) to 'uzbl.mode_config' by plugin 'mode', prepended False
[1286660969.250679] plugin.mode: INFO: new <handler(id=27, event=MODE_CONFIRM, callback=<function confirm_change at 0x9ec398>, plugin=mode)>
[1286660969.251039] uzbl-instance[54525987]: INFO: connected <handler(id=27, event=MODE_CONFIRM, callback=<function confirm_change at 0x9ec398>, plugin=mode)>
[1286660969.251440] plugin.mode: INFO: new <handler(id=28, event=MODE_CONFIG, callback=<function parse_mode_config at 0x9ec230>, plugin=mode)>
[1286660969.251795] uzbl-instance[54525987]: INFO: connected <handler(id=28, event=MODE_CONFIG, callback=<function parse_mode_config at 0x9ec230>, plugin=mode)>
[1286660969.252213] plugin.bind: INFO: new <handler(id=29, event=MODE_BIND, callback=<function parse_mode_bind at 0xa029b0>, plugin=bind)>
[1286660969.252536] uzbl-instance[54525987]: INFO: connected <handler(id=29, event=MODE_BIND, callback=<function parse_mode_bind at 0xa029b0>, plugin=bind)>
[1286660969.252966] plugin.bind: INFO: new <handler(id=30, event=BIND, callback=<function parse_bind at 0xa02a28>, plugin=bind)>
[1286660969.253284] uzbl-instance[54525987]: INFO: connected <handler(id=30, event=BIND, callback=<function parse_bind at 0xa02a28>, plugin=bind)>
[1286660969.253669] plugin.bind: INFO: new <handler(id=31, event=MODE_CHANGED, callback=<function mode_changed at 0xa02aa0>, plugin=bind)>
[1286660969.254030] uzbl-instance[54525987]: INFO: connected <handler(id=31, event=MODE_CHANGED, callback=<function mode_changed at 0xa02aa0>, plugin=bind)>
[1286660969.254497] plugin.bind: INFO: new <handler(id=32, event=KEYCMD_UPDATE, callback=<function key_event at 0xa02b90>, args=(False, False), plugin=bind)>
[1286660969.254864] uzbl-instance[54525987]: INFO: connected <handler(id=32, event=KEYCMD_UPDATE, callback=<function key_event at 0xa02b90>, args=(False, False), plugin=bind)>
[1286660969.255280] plugin.bind: INFO: new <handler(id=33, event=KEYCMD_EXEC, callback=<function key_event at 0xa02b90>, args=(False, True), plugin=bind)>
[1286660969.255607] uzbl-instance[54525987]: INFO: connected <handler(id=33, event=KEYCMD_EXEC, callback=<function key_event at 0xa02b90>, args=(False, True), plugin=bind)>
[1286660969.270442] plugin.bind: INFO: new <handler(id=34, event=MODCMD_UPDATE, callback=<function key_event at 0xa02b90>, args=(True, False), plugin=bind)>
[1286660969.270858] uzbl-instance[54525987]: INFO: connected <handler(id=34, event=MODCMD_UPDATE, callback=<function key_event at 0xa02b90>, args=(True, False), plugin=bind)>
[1286660969.271283] plugin.bind: INFO: new <handler(id=35, event=MODCMD_EXEC, callback=<function key_event at 0xa02b90>, args=(True, True), plugin=bind)>
[1286660969.271622] uzbl-instance[54525987]: INFO: connected <handler(id=35, event=MODCMD_EXEC, callback=<function key_event at 0xa02b90>, args=(True, True), plugin=bind)>
[1286660969.272056] uzbl-instance[54525987]: INFO: exported <function mode_bind at 0xa028c0> to 'uzbl.mode_bind' by plugin 'bind', prepended True
[1286660969.272386] uzbl-instance[54525987]: INFO: exported <function bind at 0xa02938> to 'uzbl.bind' by plugin 'bind', prepended True
[1286660969.272749] uzbl-instance[54525987]: INFO: exported <bind.Bindlet object at 0x9ffd10> to 'uzbl.bindlet' by plugin 'bind', prepended False
[1286660969.273338] uzbl-instance[54525987]: INFO: exported {} to 'uzbl.config' by plugin 'config', prepended False
[1286660969.273772] plugin.config: INFO: new <handler(id=36, event=VARIABLE_SET, callback=<function parse_set_event at 0x99b500>, plugin=config)>
[1286660969.274111] uzbl-instance[54525987]: INFO: connected <handler(id=36, event=VARIABLE_SET, callback=<function parse_set_event at 0x99b500>, plugin=config)>
[1286660969.275002] uzbl-instance[54525987]: INFO: on set 'mode' call <function mode_updated at 0x9ec320>
[1286660969.275654] uzbl-instance[54525987]: INFO: on set 'default_mode' call <function default_mode_updated at 0x9ec2a8>
[1286660969.292905] plugin.on_event: INFO: new <handler(id=37, event=NEW_WINDOW, callback=<function event_handler at 0x9ef1b8>, kwargs={'on_event': u'NEW_WINDOW'}, plugin=on_event)>
[1286660969.293370] uzbl-instance[54525987]: INFO: connected <handler(id=37, event=NEW_WINDOW, callback=<function event_handler at 0x9ef1b8>, kwargs={'on_event': u'NEW_WINDOW'}, plugin=on_event)>
[1286660969.293909] plugin.on_event: INFO: new <handler(id=38, event=DOWNLOAD_REQUEST, callback=<function event_handler at 0x9ef1b8>, kwargs={'on_event': u'DOWNLOAD_REQUEST'}, plugin=on_event)>
[1286660969.294267] uzbl-instance[54525987]: INFO: connected <handler(id=38, event=DOWNLOAD_REQUEST, callback=<function event_handler at 0x9ef1b8>, kwargs={'on_event': u'DOWNLOAD_REQUEST'}, plugin=on_event)>
[1286660969.294790] plugin.on_event: INFO: new <handler(id=39, event=LOAD_START, callback=<function event_handler at 0x9ef1b8>, kwargs={'on_event': u'LOAD_START'}, plugin=on_event)>
[1286660969.295147] uzbl-instance[54525987]: INFO: connected <handler(id=39, event=LOAD_START, callback=<function event_handler at 0x9ef1b8>, kwargs={'on_event': u'LOAD_START'}, plugin=on_event)>
[1286660969.303138] plugin.on_event: INFO: new <handler(id=40, event=LOAD_COMMIT, callback=<function event_handler at 0x9ef1b8>, kwargs={'on_event': u'LOAD_COMMIT'}, plugin=on_event)>
[1286660969.304728] uzbl-instance[54525987]: INFO: connected <handler(id=40, event=LOAD_COMMIT, callback=<function event_handler at 0x9ef1b8>, kwargs={'on_event': u'LOAD_COMMIT'}, plugin=on_event)>
[1286660969.305570] plugin.on_event: INFO: new <handler(id=41, event=LOAD_FINISH, callback=<function event_handler at 0x9ef1b8>, kwargs={'on_event': u'LOAD_FINISH'}, plugin=on_event)>
[1286660969.305977] uzbl-instance[54525987]: INFO: connected <handler(id=41, event=LOAD_FINISH, callback=<function event_handler at 0x9ef1b8>, kwargs={'on_event': u'LOAD_FINISH'}, plugin=on_event)>
[1286660969.306548] plugin.on_event: INFO: new <handler(id=42, event=FORM_ACTIVE, callback=<function event_handler at 0x9ef1b8>, kwargs={'on_event': u'FORM_ACTIVE'}, plugin=on_event)>
[1286660969.309888] uzbl-instance[54525987]: INFO: connected <handler(id=42, event=FORM_ACTIVE, callback=<function event_handler at 0x9ef1b8>, kwargs={'on_event': u'FORM_ACTIVE'}, plugin=on_event)>
[1286660969.310462] plugin.on_event: INFO: new <handler(id=43, event=ROOT_ACTIVE, callback=<function event_handler at 0x9ef1b8>, kwargs={'on_event': u'ROOT_ACTIVE'}, plugin=on_event)>
[1286660969.310852] uzbl-instance[54525987]: INFO: connected <handler(id=43, event=ROOT_ACTIVE, callback=<function event_handler at 0x9ef1b8>, kwargs={'on_event': u'ROOT_ACTIVE'}, plugin=on_event)>
[1286660969.321138] plugin.on_event: INFO: new <handler(id=44, event=ESCAPE, callback=<function event_handler at 0x9ef1b8>, kwargs={'on_event': u'ESCAPE'}, plugin=on_event)>
[1286660969.321575] uzbl-instance[54525987]: INFO: connected <handler(id=44, event=ESCAPE, callback=<function event_handler at 0x9ef1b8>, kwargs={'on_event': u'ESCAPE'}, plugin=on_event)>
[1286661189.499220] uzbl-instance[54525987]: INFO: uzbl instance exit
[1286661189.500206] uzbl-event-manager: INFO: removed <uzbl(pid=16735, name=u'[54525987]', uptime=220.306157, 23 exports, 45 handlers)>
[1286661189.500578] uzbl-event-manager: INFO: auto closing
[1286661189.501028] uzbl-event-manager: INFO: unlinking '/home/hero/.cache/uzbl/event_daemon'
[1286661189.501659] uzbl-event-manager: INFO: deleted pid file '/home/hero/.cache/uzbl/event_daemon.pid'
[1286661189.504862] uzbl-event-manager: INFO: event manager shut down
